<?xml version="1.0" encoding="UTF-8"?>
<!-- Generated by org.testng.reporters.JUnitReportReporter -->
<testsuite hostname="DESKTOP-CR063EF" failures="0" tests="1" name="Execution.P0_TestScript" time="11.193" errors="0" timestamp="2024-09-24T23:14:25 IST" skipped="0">
  <testcase classname="Execution.P0_TestScript" name="Priority1" time="11.193"/>
</testsuite> <!-- Execution.P0_TestScript -->
